<?xml version="1.0" encoding="UTF-8"?>
<!-- Generated by org.testng.reporters.JUnitReportReporter -->
<testsuite hostname="DESKTOP-CI8INVM" failures="0" tests="2" name="sanathkumar.AppiumTest" time="0.020" errors="0" timestamp="2020-04-28T13:31:12 IST" skipped="0">
  <testcase classname="sanathkumar.AppiumTest" name="NativeAppAndroid" time="0.002"/>
  <system-out/>
  <testcase classname="sanathkumar.AppiumTest" name="AppleIOS" time="0.018"/>
  <system-out/>
</testsuite> <!-- sanathkumar.AppiumTest -->
