<?xml version="1.0" encoding="UTF-8"?>
<!-- Generated by org.testng.reporters.JUnitReportReporter -->
<testsuite hostname="DESKTOP-CI8INVM" failures="0" tests="2" name="sanathkumar.AppiumTest" time="0.008" errors="0" timestamp="2020-04-19T18:41:25 IST" skipped="0">
  <testcase classname="sanathkumar.AppiumTest" name="NativeAppAndroid" time="0.000"/>
  <system-out/>
  <testcase classname="sanathkumar.AppiumTest" name="AppleIOS" time="0.008"/>
  <system-out/>
</testsuite> <!-- sanathkumar.AppiumTest -->
